<?xml version="1.0" encoding="UTF-8"?>
<robot generator="Robot 3.2.2 (Python 3.9.0 on win32)" generated="20201207 00:53:31.466" rpa="false">
<suite id="s1" name="RobotProject1" source="C:\Users\DominicPaguia\git\GitHub.com-Repository\RobotProject1">
<suite id="s1-s1" name="Com.Robotframework.Testsuites" source="C:\Users\DominicPaguia\git\GitHub.com-Repository\RobotProject1\com.robotframework.testsuites">
<suite id="s1-s1-s1" name="AutomationFrameworkTestSuite" source="C:\Users\DominicPaguia\git\GitHub.com-Repository\RobotProject1\com.robotframework.testsuites\AutomationFrameworkTestSuite.robot">
<test id="s1-s1-s1-t1" name="Test Case - Verify Login functionality using valid credentials">
<kw name="Open Chrome" library="Browsers">
<kw name="Open Browser" library="SeleniumLibrary">
<doc>Opens a new browser instance to the optional ``url``.</doc>
<arguments>
<arg>None</arg>
<arg>chrome</arg>
</arguments>
<msg timestamp="20201207 00:53:32.122" level="INFO">Opening browser 'chrome' to base url 'None'.</msg>
<status status="PASS" starttime="20201207 00:53:32.122" endtime="20201207 00:53:35.656"></status>
</kw>
<kw name="Maximize Browser Window" library="SeleniumLibrary">
<doc>Maximizes current browser window.</doc>
<status status="PASS" starttime="20201207 00:53:35.657" endtime="20201207 00:53:37.783"></status>
</kw>
<kw name="Set Browser Implicit Wait" library="SeleniumLibrary">
<doc>Sets the implicit wait value used by Selenium.</doc>
<arguments>
<arg>10</arg>
</arguments>
<status status="PASS" starttime="20201207 00:53:37.783" endtime="20201207 00:53:37.785"></status>
</kw>
<kw name="Set Selenium Timeout" library="SeleniumLibrary">
<doc>Sets the timeout that is used by various keywords.</doc>
<arguments>
<arg>20</arg>
</arguments>
<status status="PASS" starttime="20201207 00:53:37.785" endtime="20201207 00:53:37.787"></status>
</kw>
<status status="PASS" starttime="20201207 00:53:32.121" endtime="20201207 00:53:37.788"></status>
</kw>
<kw name="Go To" library="SeleniumLibrary">
<doc>Navigates the current browser window to the provided ``url``.</doc>
<arguments>
<arg>${URL}</arg>
</arguments>
<msg timestamp="20201207 00:53:37.789" level="INFO">Opening url 'https://opensource-demo.orangehrmlive.com/'</msg>
<status status="PASS" starttime="20201207 00:53:37.789" endtime="20201207 00:53:43.127"></status>
</kw>
<kw name="Enter Valid Username" library="LoginPage">
<kw name="Input Text" library="SeleniumLibrary">
<doc>Types the given ``text`` into the text field identified by ``locator``.</doc>
<arguments>
<arg>${Username_txtbox}</arg>
<arg>${VALID_USERNAME}</arg>
</arguments>
<msg timestamp="20201207 00:53:43.130" level="INFO">Typing text 'Admin' into text field 'id=txtUsername'.</msg>
<status status="PASS" starttime="20201207 00:53:43.129" endtime="20201207 00:53:43.290"></status>
</kw>
<status status="PASS" starttime="20201207 00:53:43.128" endtime="20201207 00:53:43.290"></status>
</kw>
<kw name="Enter Valid Password" library="LoginPage">
<kw name="Input Text" library="SeleniumLibrary">
<doc>Types the given ``text`` into the text field identified by ``locator``.</doc>
<arguments>
<arg>${Password_txtbox}</arg>
<arg>${VALID_PASSWORD}</arg>
</arguments>
<msg timestamp="20201207 00:53:43.292" level="INFO">Typing text 'admin123' into text field 'id=txtPassword'.</msg>
<status status="PASS" starttime="20201207 00:53:43.292" endtime="20201207 00:53:43.481"></status>
</kw>
<status status="PASS" starttime="20201207 00:53:43.291" endtime="20201207 00:53:43.482"></status>
</kw>
<kw name="Click Login Button" library="LoginPage">
<kw name="Click Button" library="SeleniumLibrary">
<doc>Clicks the button identified by ``locator``.</doc>
<arguments>
<arg>${Login_btn}</arg>
</arguments>
<msg timestamp="20201207 00:53:43.484" level="INFO">Clicking button 'id=btnLogin'.</msg>
<status status="PASS" starttime="20201207 00:53:43.483" endtime="20201207 00:53:48.744"></status>
</kw>
<status status="PASS" starttime="20201207 00:53:43.482" endtime="20201207 00:53:48.744"></status>
</kw>
<kw name="Verify Dashboard Header is visible" library="DashboardPage">
<kw name="Element Should Be Visible" library="SeleniumLibrary">
<doc>Verifies that the element identified by ``locator`` is visible.</doc>
<arguments>
<arg>${Dashboard_header}</arg>
</arguments>
<msg timestamp="20201207 00:53:48.790" level="INFO">Element 'xpath=//h1[contains(text(),'Dashboard')]' is displayed.</msg>
<status status="PASS" starttime="20201207 00:53:48.747" endtime="20201207 00:53:48.790"></status>
</kw>
<kw name="Set Screenshot Directory" library="SeleniumLibrary">
<doc>Sets the directory for captured screenshots.</doc>
<arguments>
<arg>${SCREENSHOT_PATH_TESTPASS}</arg>
</arguments>
<status status="PASS" starttime="20201207 00:53:48.791" endtime="20201207 00:53:48.792"></status>
</kw>
<kw name="Capture Page Screenshot" library="SeleniumLibrary">
<doc>Takes a screenshot of the current page and embeds it into a log file.</doc>
<msg timestamp="20201207 00:53:49.145" level="INFO" html="yes">&lt;/td&gt;&lt;/tr&gt;&lt;tr&gt;&lt;td colspan="3"&gt;&lt;a href="Screenshots%20-%20TEST%20PASS/selenium-screenshot-4.png"&gt;&lt;img src="Screenshots%20-%20TEST%20PASS/selenium-screenshot-4.png" width="800px"&gt;&lt;/a&gt;</msg>
<status status="PASS" starttime="20201207 00:53:48.793" endtime="20201207 00:53:49.145"></status>
</kw>
<status status="PASS" starttime="20201207 00:53:48.745" endtime="20201207 00:53:49.145"></status>
</kw>
<kw name="Close All Browsers" library="SeleniumLibrary" type="teardown">
<doc>Closes all open browsers and resets the browser cache.</doc>
<status status="PASS" starttime="20201207 00:53:49.146" endtime="20201207 00:53:51.469"></status>
</kw>
<doc>This is a sample login test.</doc>
<status status="PASS" starttime="20201207 00:53:32.120" endtime="20201207 00:53:51.469" critical="yes"></status>
</test>
<test id="s1-s1-s1-t2" name="Test Case - Verify Login functionality using invalid credentials">
<kw name="Open Chrome" library="Browsers">
<kw name="Open Browser" library="SeleniumLibrary">
<doc>Opens a new browser instance to the optional ``url``.</doc>
<arguments>
<arg>None</arg>
<arg>chrome</arg>
</arguments>
<msg timestamp="20201207 00:53:51.473" level="INFO">Opening browser 'chrome' to base url 'None'.</msg>
<status status="PASS" starttime="20201207 00:53:51.473" endtime="20201207 00:53:55.020"></status>
</kw>
<kw name="Maximize Browser Window" library="SeleniumLibrary">
<doc>Maximizes current browser window.</doc>
<status status="PASS" starttime="20201207 00:53:55.021" endtime="20201207 00:53:57.148"></status>
</kw>
<kw name="Set Browser Implicit Wait" library="SeleniumLibrary">
<doc>Sets the implicit wait value used by Selenium.</doc>
<arguments>
<arg>10</arg>
</arguments>
<status status="PASS" starttime="20201207 00:53:57.149" endtime="20201207 00:53:57.151"></status>
</kw>
<kw name="Set Selenium Timeout" library="SeleniumLibrary">
<doc>Sets the timeout that is used by various keywords.</doc>
<arguments>
<arg>20</arg>
</arguments>
<status status="PASS" starttime="20201207 00:53:57.152" endtime="20201207 00:53:57.154"></status>
</kw>
<status status="PASS" starttime="20201207 00:53:51.472" endtime="20201207 00:53:57.155"></status>
</kw>
<kw name="Go To" library="SeleniumLibrary">
<doc>Navigates the current browser window to the provided ``url``.</doc>
<arguments>
<arg>${URL}</arg>
</arguments>
<msg timestamp="20201207 00:53:57.156" level="INFO">Opening url 'https://opensource-demo.orangehrmlive.com/'</msg>
<status status="PASS" starttime="20201207 00:53:57.155" endtime="20201207 00:54:02.019"></status>
</kw>
<kw name="Enter Invalid Username" library="LoginPage">
<kw name="Input Text" library="SeleniumLibrary">
<doc>Types the given ``text`` into the text field identified by ``locator``.</doc>
<arguments>
<arg>${Username_txtbox}</arg>
<arg>${INVALID_USERNAME}</arg>
</arguments>
<msg timestamp="20201207 00:54:02.021" level="INFO">Typing text 'Admin1' into text field 'id=txtUsername'.</msg>
<status status="PASS" starttime="20201207 00:54:02.020" endtime="20201207 00:54:02.166"></status>
</kw>
<status status="PASS" starttime="20201207 00:54:02.019" endtime="20201207 00:54:02.166"></status>
</kw>
<kw name="Enter Invalid Password" library="LoginPage">
<kw name="Input Text" library="SeleniumLibrary">
<doc>Types the given ``text`` into the text field identified by ``locator``.</doc>
<arguments>
<arg>${Password_txtbox}</arg>
<arg>${INVALID_PASSWORD}</arg>
</arguments>
<msg timestamp="20201207 00:54:02.168" level="INFO">Typing text 'admin123a' into text field 'id=txtPassword'.</msg>
<status status="PASS" starttime="20201207 00:54:02.168" endtime="20201207 00:54:02.329"></status>
</kw>
<status status="PASS" starttime="20201207 00:54:02.167" endtime="20201207 00:54:02.330"></status>
</kw>
<kw name="Click Login Button" library="LoginPage">
<kw name="Click Button" library="SeleniumLibrary">
<doc>Clicks the button identified by ``locator``.</doc>
<arguments>
<arg>${Login_btn}</arg>
</arguments>
<msg timestamp="20201207 00:54:02.333" level="INFO">Clicking button 'id=btnLogin'.</msg>
<status status="PASS" starttime="20201207 00:54:02.332" endtime="20201207 00:54:03.543"></status>
</kw>
<status status="PASS" starttime="20201207 00:54:02.331" endtime="20201207 00:54:03.544"></status>
</kw>
<kw name="Verify Invalid Credentials is visible" library="LoginPage">
<kw name="Element Should Be Visible" library="SeleniumLibrary">
<doc>Verifies that the element identified by ``locator`` is visible.</doc>
<arguments>
<arg>${Invalid_Credentials_prompt}</arg>
</arguments>
<msg timestamp="20201207 00:54:03.593" level="INFO">Element 'xpath=//span[contains(text(),'Invalid credentials')]' is displayed.</msg>
<status status="PASS" starttime="20201207 00:54:03.545" endtime="20201207 00:54:03.593"></status>
</kw>
<kw name="Set Screenshot Directory" library="SeleniumLibrary">
<doc>Sets the directory for captured screenshots.</doc>
<arguments>
<arg>${SCREENSHOT_PATH_TESTPASS}</arg>
</arguments>
<status status="PASS" starttime="20201207 00:54:03.594" endtime="20201207 00:54:03.595"></status>
</kw>
<kw name="Capture Page Screenshot" library="SeleniumLibrary">
<doc>Takes a screenshot of the current page and embeds it into a log file.</doc>
<msg timestamp="20201207 00:54:03.951" level="INFO" html="yes">&lt;/td&gt;&lt;/tr&gt;&lt;tr&gt;&lt;td colspan="3"&gt;&lt;a href="Screenshots%20-%20TEST%20PASS/selenium-screenshot-5.png"&gt;&lt;img src="Screenshots%20-%20TEST%20PASS/selenium-screenshot-5.png" width="800px"&gt;&lt;/a&gt;</msg>
<status status="PASS" starttime="20201207 00:54:03.596" endtime="20201207 00:54:03.951"></status>
</kw>
<status status="PASS" starttime="20201207 00:54:03.545" endtime="20201207 00:54:03.952"></status>
</kw>
<kw name="Close All Browsers" library="SeleniumLibrary" type="teardown">
<doc>Closes all open browsers and resets the browser cache.</doc>
<status status="PASS" starttime="20201207 00:54:03.953" endtime="20201207 00:54:07.307"></status>
</kw>
<doc>This is a sample login test.</doc>
<status status="PASS" starttime="20201207 00:53:51.471" endtime="20201207 00:54:07.307" critical="yes"></status>
</test>
<status status="PASS" starttime="20201207 00:53:31.645" endtime="20201207 00:54:07.309"></status>
</suite>
<status status="PASS" starttime="20201207 00:53:31.640" endtime="20201207 00:54:07.313"></status>
</suite>
<status status="PASS" starttime="20201207 00:53:31.601" endtime="20201207 00:54:07.316"></status>
</suite>
<statistics>
<total>
<stat pass="2" fail="0">Critical Tests</stat>
<stat pass="2" fail="0">All Tests</stat>
</total>
<tag>
</tag>
<suite>
<stat pass="2" fail="0" id="s1" name="RobotProject1">RobotProject1</stat>
<stat pass="2" fail="0" id="s1-s1" name="Com.Robotframework.Testsuites">RobotProject1.Com.Robotframework.Testsuites</stat>
<stat pass="2" fail="0" id="s1-s1-s1" name="AutomationFrameworkTestSuite">RobotProject1.Com.Robotframework.Testsuites.AutomationFrameworkTestSuite</stat>
</suite>
</statistics>
<errors>
</errors>
</robot>
