<?xml version="1.0" encoding="UTF-8"?>
<robot generator="Robot 3.2.2 (Python 3.9.0 on win32)" generated="20201205 15:57:21.881" rpa="false">
<suite id="s1" name="SmokeTestSuite" source="C:\Users\DominicPaguia\eclipse-workspace\RobotProject1\com.robotframework.test\SmokeTestSuite.robot">
<kw name="Log" library="BuiltIn" type="setup">
<doc>Logs the given message with the given level.</doc>
<arguments>
<arg>I am inside the Test Suite Setup.</arg>
</arguments>
<msg timestamp="20201205 15:57:22.299" level="INFO">I am inside the Test Suite Setup.</msg>
<status status="PASS" starttime="20201205 15:57:22.299" endtime="20201205 15:57:22.299"></status>
</kw>
<test id="s1-t1" name="MyFirstTest">
<kw name="Log" library="BuiltIn" type="setup">
<doc>Logs the given message with the given level.</doc>
<arguments>
<arg>I am inside Test Setup.</arg>
</arguments>
<msg timestamp="20201205 15:57:22.301" level="INFO">I am inside Test Setup.</msg>
<status status="PASS" starttime="20201205 15:57:22.300" endtime="20201205 15:57:22.301"></status>
</kw>
<kw name="Log" library="BuiltIn">
<doc>Logs the given message with the given level.</doc>
<arguments>
<arg>Hello World...</arg>
</arguments>
<msg timestamp="20201205 15:57:22.302" level="INFO">Hello World...</msg>
<status status="PASS" starttime="20201205 15:57:22.301" endtime="20201205 15:57:22.302"></status>
</kw>
<kw name="Log" library="BuiltIn" type="teardown">
<doc>Logs the given message with the given level.</doc>
<arguments>
<arg>I am inside Test Teardown.</arg>
</arguments>
<msg timestamp="20201205 15:57:22.303" level="INFO">I am inside Test Teardown.</msg>
<status status="PASS" starttime="20201205 15:57:22.303" endtime="20201205 15:57:22.303"></status>
</kw>
<tags>
<tag>smoke</tag>
</tags>
<status status="PASS" starttime="20201205 15:57:22.299" endtime="20201205 15:57:22.303" critical="yes"></status>
</test>
<test id="s1-t2" name="MySecondTest">
<kw name="Log" library="BuiltIn" type="setup">
<doc>Logs the given message with the given level.</doc>
<arguments>
<arg>I am inside Test Setup.</arg>
</arguments>
<msg timestamp="20201205 15:57:22.306" level="INFO">I am inside Test Setup.</msg>
<status status="PASS" starttime="20201205 15:57:22.306" endtime="20201205 15:57:22.306"></status>
</kw>
<kw name="Log" library="BuiltIn">
<doc>Logs the given message with the given level.</doc>
<arguments>
<arg>I am inside 2nd test.</arg>
</arguments>
<msg timestamp="20201205 15:57:22.306" level="INFO">I am inside 2nd test.</msg>
<status status="PASS" starttime="20201205 15:57:22.306" endtime="20201205 15:57:22.307"></status>
</kw>
<kw name="Set Tags" library="BuiltIn">
<doc>Adds given ``tags`` for the current test or all tests in a suite.</doc>
<arguments>
<arg>regression1</arg>
</arguments>
<msg timestamp="20201205 15:57:22.307" level="INFO">Set tag 'regression1'.</msg>
<status status="PASS" starttime="20201205 15:57:22.307" endtime="20201205 15:57:22.307"></status>
</kw>
<kw name="Remove Tags" library="BuiltIn">
<doc>Removes given ``tags`` from the current test or all tests in a suite.</doc>
<arguments>
<arg>regression1</arg>
</arguments>
<msg timestamp="20201205 15:57:22.309" level="INFO">Removed tag 'regression1'.</msg>
<status status="PASS" starttime="20201205 15:57:22.308" endtime="20201205 15:57:22.309"></status>
</kw>
<kw name="Log" library="BuiltIn" type="teardown">
<doc>Logs the given message with the given level.</doc>
<arguments>
<arg>I am inside Test Teardown.</arg>
</arguments>
<msg timestamp="20201205 15:57:22.310" level="INFO">I am inside Test Teardown.</msg>
<status status="PASS" starttime="20201205 15:57:22.309" endtime="20201205 15:57:22.310"></status>
</kw>
<tags>
<tag>example</tag>
</tags>
<status status="PASS" starttime="20201205 15:57:22.305" endtime="20201205 15:57:22.310" critical="yes"></status>
</test>
<test id="s1-t3" name="MyThirdTest">
<kw name="Log" library="BuiltIn" type="setup">
<doc>Logs the given message with the given level.</doc>
<arguments>
<arg>I am inside Test Setup.</arg>
</arguments>
<msg timestamp="20201205 15:57:22.314" level="INFO">I am inside Test Setup.</msg>
<status status="PASS" starttime="20201205 15:57:22.314" endtime="20201205 15:57:22.314"></status>
</kw>
<kw name="Log" library="BuiltIn">
<doc>Logs the given message with the given level.</doc>
<arguments>
<arg>I am inside 3rd test.</arg>
</arguments>
<msg timestamp="20201205 15:57:22.315" level="INFO">I am inside 3rd test.</msg>
<status status="PASS" starttime="20201205 15:57:22.315" endtime="20201205 15:57:22.315"></status>
</kw>
<kw name="Log" library="BuiltIn" type="teardown">
<doc>Logs the given message with the given level.</doc>
<arguments>
<arg>I am inside Test Teardown.</arg>
</arguments>
<msg timestamp="20201205 15:57:22.316" level="INFO">I am inside Test Teardown.</msg>
<status status="PASS" starttime="20201205 15:57:22.315" endtime="20201205 15:57:22.316"></status>
</kw>
<tags>
<tag>sanity</tag>
</tags>
<status status="PASS" starttime="20201205 15:57:22.312" endtime="20201205 15:57:22.316" critical="yes"></status>
</test>
<kw name="Log" library="BuiltIn" type="teardown">
<doc>Logs the given message with the given level.</doc>
<arguments>
<arg>I am inside the Test Suite Teardown.</arg>
</arguments>
<msg timestamp="20201205 15:57:22.318" level="INFO">I am inside the Test Suite Teardown.</msg>
<status status="PASS" starttime="20201205 15:57:22.318" endtime="20201205 15:57:22.318"></status>
</kw>
<status status="PASS" starttime="20201205 15:57:21.884" endtime="20201205 15:57:22.318"></status>
</suite>
<statistics>
<total>
<stat pass="3" fail="0">Critical Tests</stat>
<stat pass="3" fail="0">All Tests</stat>
</total>
<tag>
<stat pass="1" fail="0">example</stat>
<stat pass="1" fail="0">sanity</stat>
<stat pass="1" fail="0">smoke</stat>
</tag>
<suite>
<stat pass="3" fail="0" id="s1" name="SmokeTestSuite">SmokeTestSuite</stat>
</suite>
</statistics>
<errors>
</errors>
</robot>
