<?xml version="1.0" encoding="UTF-8"?>
<robot generator="Robot 3.2.2 (Python 3.9.0 on win32)" generated="20201205 22:59:27.066" rpa="false">
<suite id="s1" name="RobotProject1" source="C:\Users\DominicPaguia\git\GitHub.com-Repository\RobotProject1">
<suite id="s1-s1" name="Com.Robotframework.Test" source="C:\Users\DominicPaguia\git\GitHub.com-Repository\RobotProject1\com.robotframework.test">
<suite id="s1-s1-s1" name="SmokeTestSuite" source="C:\Users\DominicPaguia\git\GitHub.com-Repository\RobotProject1\com.robotframework.test\SmokeTestSuite.robot">
<kw name="Log" library="BuiltIn" type="setup">
<doc>Logs the given message with the given level.</doc>
<arguments>
<arg>I am inside the Test Suite Setup.</arg>
</arguments>
<msg timestamp="20201205 22:59:30.983" level="INFO">I am inside the Test Suite Setup.</msg>
<status status="PASS" starttime="20201205 22:59:30.955" endtime="20201205 22:59:30.984"></status>
</kw>
<test id="s1-s1-s1-t1" name="MyFirstTest">
<kw name="Log" library="BuiltIn" type="setup">
<doc>Logs the given message with the given level.</doc>
<arguments>
<arg>I am inside Test Setup.</arg>
</arguments>
<msg timestamp="20201205 22:59:30.988" level="INFO">I am inside Test Setup.</msg>
<status status="PASS" starttime="20201205 22:59:30.987" endtime="20201205 22:59:30.988"></status>
</kw>
<kw name="Log" library="BuiltIn">
<doc>Logs the given message with the given level.</doc>
<arguments>
<arg>Hello World...</arg>
</arguments>
<msg timestamp="20201205 22:59:30.990" level="INFO">Hello World...</msg>
<status status="PASS" starttime="20201205 22:59:30.989" endtime="20201205 22:59:30.990"></status>
</kw>
<kw name="Log" library="BuiltIn" type="teardown">
<doc>Logs the given message with the given level.</doc>
<arguments>
<arg>I am inside Test Teardown.</arg>
</arguments>
<msg timestamp="20201205 22:59:30.991" level="INFO">I am inside Test Teardown.</msg>
<status status="PASS" starttime="20201205 22:59:30.991" endtime="20201205 22:59:30.992"></status>
</kw>
<tags>
<tag>smoke</tag>
</tags>
<status status="PASS" starttime="20201205 22:59:30.985" endtime="20201205 22:59:30.992" critical="yes"></status>
</test>
<test id="s1-s1-s1-t2" name="MySecondTest">
<kw name="Log" library="BuiltIn" type="setup">
<doc>Logs the given message with the given level.</doc>
<arguments>
<arg>I am inside Test Setup.</arg>
</arguments>
<msg timestamp="20201205 22:59:30.996" level="INFO">I am inside Test Setup.</msg>
<status status="PASS" starttime="20201205 22:59:30.996" endtime="20201205 22:59:30.997"></status>
</kw>
<kw name="Log" library="BuiltIn">
<doc>Logs the given message with the given level.</doc>
<arguments>
<arg>I am inside 2nd test.</arg>
</arguments>
<msg timestamp="20201205 22:59:30.998" level="INFO">I am inside 2nd test.</msg>
<status status="PASS" starttime="20201205 22:59:30.997" endtime="20201205 22:59:30.998"></status>
</kw>
<kw name="Set Tags" library="BuiltIn">
<doc>Adds given ``tags`` for the current test or all tests in a suite.</doc>
<arguments>
<arg>regression1</arg>
</arguments>
<msg timestamp="20201205 22:59:31.000" level="INFO">Set tag 'regression1'.</msg>
<status status="PASS" starttime="20201205 22:59:30.999" endtime="20201205 22:59:31.000"></status>
</kw>
<kw name="Remove Tags" library="BuiltIn">
<doc>Removes given ``tags`` from the current test or all tests in a suite.</doc>
<arguments>
<arg>regression1</arg>
</arguments>
<msg timestamp="20201205 22:59:31.003" level="INFO">Removed tag 'regression1'.</msg>
<status status="PASS" starttime="20201205 22:59:31.001" endtime="20201205 22:59:31.004"></status>
</kw>
<kw name="Log" library="BuiltIn" type="teardown">
<doc>Logs the given message with the given level.</doc>
<arguments>
<arg>I am inside Test Teardown.</arg>
</arguments>
<msg timestamp="20201205 22:59:31.005" level="INFO">I am inside Test Teardown.</msg>
<status status="PASS" starttime="20201205 22:59:31.004" endtime="20201205 22:59:31.005"></status>
</kw>
<tags>
<tag>example</tag>
</tags>
<status status="PASS" starttime="20201205 22:59:30.994" endtime="20201205 22:59:31.006" critical="yes"></status>
</test>
<test id="s1-s1-s1-t3" name="MyThirdTest">
<kw name="Log" library="BuiltIn" type="setup">
<doc>Logs the given message with the given level.</doc>
<arguments>
<arg>I am inside Test Setup.</arg>
</arguments>
<msg timestamp="20201205 22:59:31.009" level="INFO">I am inside Test Setup.</msg>
<status status="PASS" starttime="20201205 22:59:31.009" endtime="20201205 22:59:31.010"></status>
</kw>
<kw name="Log" library="BuiltIn">
<doc>Logs the given message with the given level.</doc>
<arguments>
<arg>I am inside 3rd test.</arg>
</arguments>
<msg timestamp="20201205 22:59:31.011" level="INFO">I am inside 3rd test.</msg>
<status status="PASS" starttime="20201205 22:59:31.010" endtime="20201205 22:59:31.011"></status>
</kw>
<kw name="Log" library="BuiltIn" type="teardown">
<doc>Logs the given message with the given level.</doc>
<arguments>
<arg>I am inside Test Teardown.</arg>
</arguments>
<msg timestamp="20201205 22:59:31.013" level="INFO">I am inside Test Teardown.</msg>
<status status="PASS" starttime="20201205 22:59:31.012" endtime="20201205 22:59:31.013"></status>
</kw>
<tags>
<tag>sanity</tag>
</tags>
<status status="PASS" starttime="20201205 22:59:31.007" endtime="20201205 22:59:31.014" critical="yes"></status>
</test>
<test id="s1-s1-s1-t4" name="MyFourthTest">
<kw name="Log" library="BuiltIn" type="setup">
<doc>Logs the given message with the given level.</doc>
<arguments>
<arg>I am inside Test Setup.</arg>
</arguments>
<msg timestamp="20201205 22:59:31.019" level="INFO">I am inside Test Setup.</msg>
<status status="PASS" starttime="20201205 22:59:31.018" endtime="20201205 22:59:31.020"></status>
</kw>
<kw name="Log" library="BuiltIn">
<doc>Logs the given message with the given level.</doc>
<arguments>
<arg>I am inside 4th test.</arg>
</arguments>
<msg timestamp="20201205 22:59:31.021" level="INFO">I am inside 4th test.</msg>
<status status="PASS" starttime="20201205 22:59:31.021" endtime="20201205 22:59:31.022"></status>
</kw>
<kw name="Log" library="BuiltIn" type="teardown">
<doc>Logs the given message with the given level.</doc>
<arguments>
<arg>I am inside Test Teardown.</arg>
</arguments>
<msg timestamp="20201205 22:59:31.023" level="INFO">I am inside Test Teardown.</msg>
<status status="PASS" starttime="20201205 22:59:31.023" endtime="20201205 22:59:31.024"></status>
</kw>
<tags>
<tag>sanity</tag>
</tags>
<status status="PASS" starttime="20201205 22:59:31.016" endtime="20201205 22:59:31.024" critical="yes"></status>
</test>
<test id="s1-s1-s1-t5" name="MyFifthTest">
<kw name="Log" library="BuiltIn" type="setup">
<doc>Logs the given message with the given level.</doc>
<arguments>
<arg>I am inside Test Setup.</arg>
</arguments>
<msg timestamp="20201205 22:59:31.028" level="INFO">I am inside Test Setup.</msg>
<status status="PASS" starttime="20201205 22:59:31.027" endtime="20201205 22:59:31.028"></status>
</kw>
<kw name="Log" library="BuiltIn">
<doc>Logs the given message with the given level.</doc>
<arguments>
<arg>I am inside 5th test.</arg>
</arguments>
<msg timestamp="20201205 22:59:31.029" level="INFO">I am inside 5th test.</msg>
<status status="PASS" starttime="20201205 22:59:31.029" endtime="20201205 22:59:31.030"></status>
</kw>
<kw name="Log" library="BuiltIn" type="teardown">
<doc>Logs the given message with the given level.</doc>
<arguments>
<arg>I am inside Test Teardown.</arg>
</arguments>
<msg timestamp="20201205 22:59:31.031" level="INFO">I am inside Test Teardown.</msg>
<status status="PASS" starttime="20201205 22:59:31.030" endtime="20201205 22:59:31.031"></status>
</kw>
<tags>
<tag>sanity</tag>
</tags>
<status status="PASS" starttime="20201205 22:59:31.025" endtime="20201205 22:59:31.031" critical="yes"></status>
</test>
<kw name="Log" library="BuiltIn" type="teardown">
<doc>Logs the given message with the given level.</doc>
<arguments>
<arg>I am inside the Test Suite Teardown.</arg>
</arguments>
<msg timestamp="20201205 22:59:31.033" level="INFO">I am inside the Test Suite Teardown.</msg>
<status status="PASS" starttime="20201205 22:59:31.033" endtime="20201205 22:59:31.034"></status>
</kw>
<status status="PASS" starttime="20201205 22:59:27.668" endtime="20201205 22:59:31.034"></status>
</suite>
<status status="PASS" starttime="20201205 22:59:27.660" endtime="20201205 22:59:31.043"></status>
</suite>
<status status="PASS" starttime="20201205 22:59:27.566" endtime="20201205 22:59:31.048"></status>
</suite>
<statistics>
<total>
<stat pass="5" fail="0">Critical Tests</stat>
<stat pass="5" fail="0">All Tests</stat>
</total>
<tag>
<stat pass="1" fail="0">example</stat>
<stat pass="3" fail="0">sanity</stat>
<stat pass="1" fail="0">smoke</stat>
</tag>
<suite>
<stat pass="5" fail="0" id="s1" name="RobotProject1">RobotProject1</stat>
<stat pass="5" fail="0" id="s1-s1" name="Com.Robotframework.Test">RobotProject1.Com.Robotframework.Test</stat>
<stat pass="5" fail="0" id="s1-s1-s1" name="SmokeTestSuite">RobotProject1.Com.Robotframework.Test.SmokeTestSuite</stat>
</suite>
</statistics>
<errors>
</errors>
</robot>
