<?xml version="1.0" encoding="UTF-8"?>
<robot generator="Robot 3.2.2 (Python 3.9.0 on win32)" generated="20201207 01:43:28.463" rpa="false">
<suite id="s1" name="AutomationFrameworkTestSuite" source="C:\Users\DominicPaguia\git\GitHub.com-Repository\RobotProject1\com.robotframework.testsuites\AutomationFrameworkTestSuite.robot">
<test id="s1-t1" name="Test Case - Verify Login functionality using valid credentials">
<kw name="Open Chrome" library="Browsers">
<kw name="Open Browser" library="SeleniumLibrary">
<doc>Opens a new browser instance to the optional ``url``.</doc>
<arguments>
<arg>None</arg>
<arg>chrome</arg>
</arguments>
<msg timestamp="20201207 01:43:28.955" level="INFO">Opening browser 'chrome' to base url 'None'.</msg>
<status status="PASS" starttime="20201207 01:43:28.955" endtime="20201207 01:43:32.922"></status>
</kw>
<kw name="Maximize Browser Window" library="SeleniumLibrary">
<doc>Maximizes current browser window.</doc>
<status status="PASS" starttime="20201207 01:43:32.922" endtime="20201207 01:43:35.065"></status>
</kw>
<kw name="Set Browser Implicit Wait" library="SeleniumLibrary">
<doc>Sets the implicit wait value used by Selenium.</doc>
<arguments>
<arg>10</arg>
</arguments>
<status status="PASS" starttime="20201207 01:43:35.065" endtime="20201207 01:43:35.067"></status>
</kw>
<kw name="Set Selenium Timeout" library="SeleniumLibrary">
<doc>Sets the timeout that is used by various keywords.</doc>
<arguments>
<arg>20</arg>
</arguments>
<status status="PASS" starttime="20201207 01:43:35.067" endtime="20201207 01:43:35.070"></status>
</kw>
<status status="PASS" starttime="20201207 01:43:28.954" endtime="20201207 01:43:35.070"></status>
</kw>
<kw name="Go To" library="SeleniumLibrary">
<doc>Navigates the current browser window to the provided ``url``.</doc>
<arguments>
<arg>${URL}</arg>
</arguments>
<msg timestamp="20201207 01:43:35.071" level="INFO">Opening url 'https://opensource-demo.orangehrmlive.com/'</msg>
<status status="PASS" starttime="20201207 01:43:35.070" endtime="20201207 01:43:40.275"></status>
</kw>
<kw name="Enter Valid Username" library="LoginPage">
<kw name="Input Text" library="SeleniumLibrary">
<doc>Types the given ``text`` into the text field identified by ``locator``.</doc>
<arguments>
<arg>${Username_txtbox}</arg>
<arg>${VALID_USERNAME}</arg>
</arguments>
<msg timestamp="20201207 01:43:40.277" level="INFO">Typing text 'Admin' into text field 'id=txtUsername'.</msg>
<status status="PASS" starttime="20201207 01:43:40.276" endtime="20201207 01:43:40.441"></status>
</kw>
<status status="PASS" starttime="20201207 01:43:40.276" endtime="20201207 01:43:40.442"></status>
</kw>
<kw name="Enter Valid Password" library="LoginPage">
<kw name="Input Text" library="SeleniumLibrary">
<doc>Types the given ``text`` into the text field identified by ``locator``.</doc>
<arguments>
<arg>${Password_txtbox}</arg>
<arg>${VALID_PASSWORD}</arg>
</arguments>
<msg timestamp="20201207 01:43:40.444" level="INFO">Typing text 'admin123' into text field 'id=txtPassword'.</msg>
<status status="PASS" starttime="20201207 01:43:40.443" endtime="20201207 01:43:40.623"></status>
</kw>
<status status="PASS" starttime="20201207 01:43:40.443" endtime="20201207 01:43:40.623"></status>
</kw>
<kw name="Click Login Button" library="LoginPage">
<kw name="Click Button" library="SeleniumLibrary">
<doc>Clicks the button identified by ``locator``.</doc>
<arguments>
<arg>${Login_btn}</arg>
</arguments>
<msg timestamp="20201207 01:43:40.631" level="INFO">Clicking button 'id=btnLogin'.</msg>
<status status="PASS" starttime="20201207 01:43:40.630" endtime="20201207 01:43:45.262"></status>
</kw>
<status status="PASS" starttime="20201207 01:43:40.630" endtime="20201207 01:43:45.262"></status>
</kw>
<kw name="Verify Dashboard Header is visible" library="DashboardPage">
<kw name="Element Should Be Visible" library="SeleniumLibrary">
<doc>Verifies that the element identified by ``locator`` is visible.</doc>
<arguments>
<arg>${Dashboard_header}</arg>
</arguments>
<msg timestamp="20201207 01:43:45.306" level="INFO">Element 'xpath=//h1[contains(text(),'Dashboard')]' is displayed.</msg>
<status status="PASS" starttime="20201207 01:43:45.264" endtime="20201207 01:43:45.306"></status>
</kw>
<kw name="Capture Page Screenshot" library="SeleniumLibrary">
<doc>Takes a screenshot of the current page and embeds it into a log file.</doc>
<msg timestamp="20201207 01:43:45.625" level="INFO" html="yes">&lt;/td&gt;&lt;/tr&gt;&lt;tr&gt;&lt;td colspan="3"&gt;&lt;a href="selenium-screenshot-3.png"&gt;&lt;img src="selenium-screenshot-3.png" width="800px"&gt;&lt;/a&gt;</msg>
<status status="PASS" starttime="20201207 01:43:45.306" endtime="20201207 01:43:45.625"></status>
</kw>
<status status="PASS" starttime="20201207 01:43:45.263" endtime="20201207 01:43:45.625"></status>
</kw>
<kw name="Close All Browsers" library="SeleniumLibrary" type="teardown">
<doc>Closes all open browsers and resets the browser cache.</doc>
<status status="PASS" starttime="20201207 01:43:45.626" endtime="20201207 01:43:47.925"></status>
</kw>
<doc>This is a sample login test.</doc>
<status status="PASS" starttime="20201207 01:43:28.953" endtime="20201207 01:43:47.928" critical="yes"></status>
</test>
<test id="s1-t2" name="Test Case - Verify Login functionality using invalid credentials">
<kw name="Open Chrome" library="Browsers">
<kw name="Open Browser" library="SeleniumLibrary">
<doc>Opens a new browser instance to the optional ``url``.</doc>
<arguments>
<arg>None</arg>
<arg>chrome</arg>
</arguments>
<msg timestamp="20201207 01:43:47.943" level="INFO">Opening browser 'chrome' to base url 'None'.</msg>
<status status="PASS" starttime="20201207 01:43:47.942" endtime="20201207 01:43:51.896"></status>
</kw>
<kw name="Maximize Browser Window" library="SeleniumLibrary">
<doc>Maximizes current browser window.</doc>
<status status="PASS" starttime="20201207 01:43:51.896" endtime="20201207 01:43:54.027"></status>
</kw>
<kw name="Set Browser Implicit Wait" library="SeleniumLibrary">
<doc>Sets the implicit wait value used by Selenium.</doc>
<arguments>
<arg>10</arg>
</arguments>
<status status="PASS" starttime="20201207 01:43:54.027" endtime="20201207 01:43:54.029"></status>
</kw>
<kw name="Set Selenium Timeout" library="SeleniumLibrary">
<doc>Sets the timeout that is used by various keywords.</doc>
<arguments>
<arg>20</arg>
</arguments>
<status status="PASS" starttime="20201207 01:43:54.029" endtime="20201207 01:43:54.031"></status>
</kw>
<status status="PASS" starttime="20201207 01:43:47.940" endtime="20201207 01:43:54.031"></status>
</kw>
<kw name="Go To" library="SeleniumLibrary">
<doc>Navigates the current browser window to the provided ``url``.</doc>
<arguments>
<arg>${URL}</arg>
</arguments>
<msg timestamp="20201207 01:43:54.033" level="INFO">Opening url 'https://opensource-demo.orangehrmlive.com/'</msg>
<status status="PASS" starttime="20201207 01:43:54.032" endtime="20201207 01:43:59.053"></status>
</kw>
<kw name="Enter Invalid Username" library="LoginPage">
<kw name="Input Text" library="SeleniumLibrary">
<doc>Types the given ``text`` into the text field identified by ``locator``.</doc>
<arguments>
<arg>${Username_txtbox}</arg>
<arg>${INVALID_USERNAME}</arg>
</arguments>
<msg timestamp="20201207 01:43:59.055" level="INFO">Typing text 'Admin1' into text field 'id=txtUsername'.</msg>
<status status="PASS" starttime="20201207 01:43:59.055" endtime="20201207 01:43:59.207"></status>
</kw>
<status status="PASS" starttime="20201207 01:43:59.054" endtime="20201207 01:43:59.207"></status>
</kw>
<kw name="Enter Invalid Password" library="LoginPage">
<kw name="Input Text" library="SeleniumLibrary">
<doc>Types the given ``text`` into the text field identified by ``locator``.</doc>
<arguments>
<arg>${Password_txtbox}</arg>
<arg>${INVALID_PASSWORD}</arg>
</arguments>
<msg timestamp="20201207 01:43:59.209" level="INFO">Typing text 'admin123a' into text field 'id=txtPassword'.</msg>
<status status="PASS" starttime="20201207 01:43:59.208" endtime="20201207 01:43:59.368"></status>
</kw>
<status status="PASS" starttime="20201207 01:43:59.208" endtime="20201207 01:43:59.368"></status>
</kw>
<kw name="Click Login Button" library="LoginPage">
<kw name="Click Button" library="SeleniumLibrary">
<doc>Clicks the button identified by ``locator``.</doc>
<arguments>
<arg>${Login_btn}</arg>
</arguments>
<msg timestamp="20201207 01:43:59.370" level="INFO">Clicking button 'id=btnLogin'.</msg>
<status status="PASS" starttime="20201207 01:43:59.370" endtime="20201207 01:44:00.307"></status>
</kw>
<status status="PASS" starttime="20201207 01:43:59.369" endtime="20201207 01:44:00.307"></status>
</kw>
<kw name="Verify Invalid Credentials is visible" library="LoginPage">
<kw name="Element Should Be Visible" library="SeleniumLibrary">
<doc>Verifies that the element identified by ``locator`` is visible.</doc>
<arguments>
<arg>${Invalid_Credentials_prompt}</arg>
</arguments>
<msg timestamp="20201207 01:44:00.338" level="INFO">Element 'xpath=//span[contains(text(),'Invalid credentials')]' is displayed.</msg>
<status status="PASS" starttime="20201207 01:44:00.308" endtime="20201207 01:44:00.339"></status>
</kw>
<kw name="Capture Page Screenshot" library="SeleniumLibrary">
<doc>Takes a screenshot of the current page and embeds it into a log file.</doc>
<msg timestamp="20201207 01:44:00.684" level="INFO" html="yes">&lt;/td&gt;&lt;/tr&gt;&lt;tr&gt;&lt;td colspan="3"&gt;&lt;a href="selenium-screenshot-4.png"&gt;&lt;img src="selenium-screenshot-4.png" width="800px"&gt;&lt;/a&gt;</msg>
<status status="PASS" starttime="20201207 01:44:00.339" endtime="20201207 01:44:00.684"></status>
</kw>
<status status="PASS" starttime="20201207 01:44:00.308" endtime="20201207 01:44:00.684"></status>
</kw>
<kw name="Close All Browsers" library="SeleniumLibrary" type="teardown">
<doc>Closes all open browsers and resets the browser cache.</doc>
<status status="PASS" starttime="20201207 01:44:00.685" endtime="20201207 01:44:03.341"></status>
</kw>
<doc>This is a sample login test.</doc>
<status status="PASS" starttime="20201207 01:43:47.934" endtime="20201207 01:44:03.343" critical="yes"></status>
</test>
<status status="PASS" starttime="20201207 01:43:28.465" endtime="20201207 01:44:03.349"></status>
</suite>
<statistics>
<total>
<stat pass="2" fail="0">Critical Tests</stat>
<stat pass="2" fail="0">All Tests</stat>
</total>
<tag>
</tag>
<suite>
<stat pass="2" fail="0" id="s1" name="AutomationFrameworkTestSuite">AutomationFrameworkTestSuite</stat>
</suite>
</statistics>
<errors>
</errors>
</robot>
